<?xml version="1.0" encoding="UTF-8"?>
<!-- Generated by org.testng.reporters.JUnitXMLReporter -->
<testsuite ignored="0" hostname="LAPTOP-4RQVJNP4" failures="0" tests="2" name="Surefire test" time="0.072" errors="0" timestamp="2022-05-18T11:20:46 PDT">
  <testcase classname="qaclickacademy.Mavenjava.AppiumTest" name="IOSApps on IOSApps(qaclickacademy.Mavenjava.AppiumTest)" time="0.016"/>
  <testcase classname="qaclickacademy.Mavenjava.AppiumTest" name="NativeAppAndroid on NativeAppAndroid(qaclickacademy.Mavenjava.AppiumTest)" time="0.015"/>
</testsuite> <!-- Surefire test -->
