<?xml version="1.0" encoding="UTF-8"?>
<testng-results ignored="0" total="2" passed="2" failed="0" skipped="0">
  <reporter-output>
  </reporter-output>
  <suite started-at="2022-05-18T11:20:46 PDT" name="Surefire suite" finished-at="2022-05-18T11:20:46 PDT" duration-ms="72">
    <groups>
    </groups>
    <test started-at="2022-05-18T11:20:46 PDT" name="Surefire test" finished-at="2022-05-18T11:20:46 PDT" duration-ms="72">
      <class name="qaclickacademy.Mavenjava.AppiumTest">
        <test-method signature="IOSApps()" started-at="2022-05-18T11:20:46 PDT" name="IOSApps" finished-at="2022-05-18T11:20:46 PDT" duration-ms="16" status="PASS">
          <reporter-output>
          </reporter-output>
        </test-method> <!-- IOSApps -->
        <test-method signature="NativeAppAndroid()" started-at="2022-05-18T11:20:46 PDT" name="NativeAppAndroid" finished-at="2022-05-18T11:20:46 PDT" duration-ms="15" status="PASS">
          <reporter-output>
          </reporter-output>
        </test-method> <!-- NativeAppAndroid -->
      </class> <!-- qaclickacademy.Mavenjava.AppiumTest -->
    </test> <!-- Surefire test -->
  </suite> <!-- Surefire suite -->
</testng-results>
